<?xml version="1.0" encoding="UTF-8"?>
<testsuite xmlns:xsi="http://www.w3.org/2001/XMLSchema-instance" xsi:noNamespaceSchemaLocation="https://maven.apache.org/surefire/maven-surefire-plugin/xsd/surefire-test-report-3.0.xsd" version="3.0" name="legacy.LibraryTest" time="0.076" tests="35" errors="0" skipped="0" failures="0">
  <properties>
[...]
</properties>
  <testcase name="testIsBorrowed_NullIsbn_ReturnsFalse" classname="legacy.LibraryTest" time="0.02"/>
  <testcase name="testFindByAuthor_SpecialCharacters_ExactMatch" classname="legacy.LibraryTest" time="0.004"/>
  <testcase name="testReturnBook_BorrowedBook_Success" classname="legacy.LibraryTest" time="0.003"/>
  <testcase name="testHasBookWithTitle_NonExistingTitle_ReturnsFalse" classname="legacy.LibraryTest" time="0.001"/>
  <testcase name="testFindByAuthor_PartialMatch_Works" classname="legacy.LibraryTest" time="0.001"/>
  <testcase name="testBorrowBook_EmptyBorrowerName_Allowed" classname="legacy.LibraryTest" time="0.001"/>
  <testcase name="testFindByIsbn_EmptyLibrary_ReturnsNull" classname="legacy.LibraryTest" time="0.001"/>
  <testcase name="testBorrowBook_AlreadyBorrowed_ReturnsFalse" classname="legacy.LibraryTest" time="0.001"/>
  <testcase name="testFindByAuthor_CaseSensitive_Behavior" classname="legacy.LibraryTest" time="0.0"/>
  <testcase name="testFindByIsbn_DuplicateIsbn_ReturnsFirstMatch" classname="legacy.LibraryTest" time="0.0"/>
  <testcase name="testHasBookWithIsbn_NonExistingIsbn_ReturnsFalse" classname="legacy.LibraryTest" time="0.0"/>
  <testcase name="testAddBook_DuplicateIsbn_AllowsDuplicate" classname="legacy.LibraryTest" time="0.001"/>
  <testcase name="testBorrowBook_NonExistingBook_ReturnsFalse" classname="legacy.LibraryTest" time="0.001"/>
  <testcase name="testLibrary_Constructor_CanBeInstantiated" classname="legacy.LibraryTest" time="0.001"/>
  <testcase name="testBorrowBook_MultipleBorrowers_Success" classname="legacy.LibraryTest" time="0.001"/>
  <testcase name="testGetLoans_ReturnsDefensiveCopy" classname="legacy.LibraryTest" time="0.001"/>
  <testcase name="testAddBook_ValidBook_Success" classname="legacy.LibraryTest" time="0.001"/>
  <testcase name="testHasBookWithTitle_ExistingTitle_ReturnsTrue" classname="legacy.LibraryTest" time="0.001"/>
  <testcase name="testBorrowBook_EmptyIsbn_Allowed" classname="legacy.LibraryTest" time="0.0"/>
  <testcase name="testFindByIsbn_EmptyIsbn_CanFindBook" classname="legacy.LibraryTest" time="0.0"/>
  <testcase name="testFindByIsbn_NonExistingBook_ReturnsNull" classname="legacy.LibraryTest" time="0.001"/>
  <testcase name="testIsBorrowed_EmptyLoans_ReturnsFalse" classname="legacy.LibraryTest" time="0.0"/>
  <testcase name="testHasBookWithIsbn_ExistingIsbn_ReturnsTrue" classname="legacy.LibraryTest" time="0.0"/>
  <testcase name="testAddBook_MultipleBooks_Success" classname="legacy.LibraryTest" time="0.001"/>
  <testcase name="testBorrowReturnBorrowCycle_Success" classname="legacy.LibraryTest" time="0.0"/>
  <testcase name="testFindByIsbn_NullIsbn_ReturnsNull" classname="legacy.LibraryTest" time="0.0"/>
  <testcase name="testFindByAuthor_NullAuthor_ReturnsEmpty" classname="legacy.LibraryTest" time="0.001"/>
  <testcase name="testAddBook_DuplicateTitle_AllowsDuplicate" classname="legacy.LibraryTest" time="0.0"/>
  <testcase name="testFindByIsbn_ExistingBook_ReturnsBook" classname="legacy.LibraryTest" time="0.001"/>
  <testcase name="testAddBook_NullBook_ThrowsException" classname="legacy.LibraryTest" time="0.001"/>
  <testcase name="testHasBookWithTitle_NullTitle_ReturnsFalse" classname="legacy.LibraryTest" time="0.0"/>
  <testcase name="testBorrowBook_AvailableBook_Success" classname="legacy.LibraryTest" time="0.001"/>
  <testcase name="testLibrary_AttributesArePrivate_UseGetters" classname="legacy.LibraryTest" time="0.0"/>
  <testcase name="testReturnBook_NotBorrowed_ReturnsNull" classname="legacy.LibraryTest" time="0.0"/>
  <testcase name="testFindByAuthor_EmptyString_ReturnsEmpty" classname="legacy.LibraryTest" time="0.0"/>
</testsuite>